*** Using Compiler 'V5.06 update 5 (build 528)', folder: 'D:\A_Study & Work\STM32\Keil5\ARM\ARMCC\Bin'
Rebuild target 'BaseDrive_RMCar'
assembling startup_stm32f407xx.s...
compiling stm32f4xx_hal_timebase_tim.c...
compiling dma.c...
compiling stm32f4xx_it.c...
../User/Applications/Inc/PID.h(45): warning:  #1-D: last line of file ends without a newline
  			  
../Core/Src/stm32f4xx_it.c: 1 warning, 0 errors
compiling main.c...
../User/Applications/Inc/PID.h(45): warning:  #1-D: last line of file ends without a newline
  			  
../Core/Src/main.c: 1 warning, 0 errors
compiling stm32f4xx_hal_msp.c...
compiling stm32f4xx_hal_tim_ex.c...
compiling tim.c...
compiling usart.c...
../User/Applications/Inc/PID.h(45): warning:  #1-D: last line of file ends without a newline
  			  
../Core/Src/usart.c: 1 warning, 0 errors
compiling freertos.c...
../User/Applications/Inc/PID.h(45): warning:  #1-D: last line of file ends without a newline
  			  
../Core/Src/freertos.c(174): warning:  #167-D: argument of type "void (*)(const void *)" is incompatible with parameter of type "osThreadFunc_t"
    imuTaskHandle = osThreadNew(INS_task, 
ULL, &imuTask_attributes);
../Core/Src/freertos.c: 2 warnings, 0 errors
compiling gpio.c...
compiling stm32f4xx_hal_can.c...
compiling can.c...
compiling i2c.c...
compiling spi.c...
compiling stm32f4xx_hal_tim.c...
compiling stm32f4xx_hal_pwr_ex.c...
compiling stm32f4xx_hal_rcc_ex.c...
compiling stm32f4xx_hal_gpio.c...
compiling stm32f4xx_hal_rcc.c...
compiling stm32f4xx_hal_dma_ex.c...
compiling stm32f4xx_hal_dma.c...
compiling croutine.c...
compiling list.c...
compiling event_groups.c...
compiling stm32f4xx_hal_flash_ex.c...
compiling stm32f4xx_hal_flash_ramfunc.c...
compiling stm32f4xx_hal_flash.c...
compiling queue.c...
compiling stream_buffer.c...
compiling timers.c...
compiling stm32f4xx_hal_pwr.c...
compiling heap_4.c...
compiling tasks.c...
compiling PID.c...
../User/Applications/Inc/PID.h(45): warning:  #1-D: last line of file ends without a newline
  			  
..\User\Applications\Src\PID.c: 1 warning, 0 errors
compiling Friction_Wheel_Shooting.c...
compiling port.c...
compiling user_lib.c...
compiling stm32f4xx_hal_cortex.c...
compiling stm32f4xx_hal_exti.c...
compiling stm32f4xx_hal_i2c.c...
compiling ReSet_BIM088.c...
compiling My_Math.c...
..\User\Applications\Src\My_Math.c(64): warning:  #1035-D: single-precision operand implicitly converted to double-precision
      return degrees * 
Y_PI / 180.0;
..\User\Applications\Src\My_Math.c: 1 warning, 0 errors
compiling stm32f4xx_hal_i2c_ex.c...
compiling stm32f4xx_hal.c...
compiling system_stm32f4xx.c...
compiling IMU_PID.c...
compiling stm32f4xx_hal_uart.c...
compiling stm32f4xx_hal_spi.c...
compiling Dual_board_Transmit.c...
../User/Applications/Inc/PID.h(45): warning:  #1-D: last line of file ends without a newline
  			  
..\User\Applications\Src\Dual_board_Transmit.c: 1 warning, 0 errors
compiling UART_CallBack.c...
../User/Applications/Inc/PID.h(45): warning:  #1-D: last line of file ends without a newline
  			  
..\User\Applications\Src\UART_CallBack.c(22): warning:  #1-D: last line of file ends without a newline
  }
..\User\Applications\Src\UART_CallBack.c: 2 warnings, 0 errors
compiling Time.c...
../User/Applications/Inc/PID.h(45): warning:  #1-D: last line of file ends without a newline
  			  
..\User\Applications\Src\Time.c: 1 warning, 0 errors
compiling Gimbal_Move.c...
../User/Applications/Inc/PID.h(45): warning:  #1-D: last line of file ends without a newline
  			  
..\User\Applications\Src\Gimbal_Move.c(68): warning:  #940-D: missing return statement at end of non-void function "GimBal_Pitch_Motor_Set" 
  }
..\User\Applications\Src\Gimbal_Move.c(84): warning:  #550-D: variable "CSpeed"  was set but never used
  	static float CSpeed = 0.0f;
..\User\Applications\Src\Gimbal_Move.c(21): warning:  #177-D: function "Gimbal_Yaw_Contral_Angle"  was declared but never referenced
  static void Gimbal_Yaw_Contral_Angle(void);
..\User\Applications\Src\Gimbal_Move.c: 4 warnings, 0 errors
compiling Chassis_Move.c...
../User/Applications/Inc/PID.h(45): warning:  #1-D: last line of file ends without a newline
  			  
..\User\Applications\Src\Chassis_Move.c(101): warning:  #177-D: function "Get_ChassisMotorVel"  was declared but never referenced
  static void Get_ChassisMotorVel(void)
..\User\Applications\Src\Chassis_Move.c(145): warning:  #177-D: function "Filter_F"  was declared but never referenced
  static float Filter_F(float Input,float Min,float Max)
..\User\Applications\Src\Chassis_Move.c: 3 warnings, 0 errors
compiling ist8310driver.c...
compiling ReSet_ToInit.c...
../User/Applications/Inc/PID.h(45): warning:  #1-D: last line of file ends without a newline
  			  
..\User\Applications\Src\ReSet_ToInit.c: 1 warning, 0 errors
compiling INS_task.c...
..\User\Applications\Src\INS_task.c(311): warning:  #111-D: statement is unreachable
          osDelay(10); 
..\User\Applications\Src\INS_task.c: 1 warning, 0 errors
compiling cmsis_os2.c...
compiling Shooting.c...
../User/Applications/Inc/PID.h(45): warning:  #1-D: last line of file ends without a newline
  			  
..\User\Applications\Src\Shooting.c(116): warning:  #940-D: missing return statement at end of non-void function "Update_Dial_Variable" 
  }
..\User\Applications\Src\Shooting.c(123): warning:  #940-D: missing return statement at end of non-void function "Update_Friction_Variable" 
  }
..\User\Applications\Src\Shooting.c(131): warning:  #940-D: missing return statement at end of non-void function "Update_Salute_Variable" 
  }
..\User\Applications\Src\Shooting.c(19): warning:  #177-D: function "Dial_PID"  was declared but never referenced
  static float Dial_PID(float Add_Angle);
..\User\Applications\Src\Shooting.c: 5 warnings, 0 errors
compiling Remote_Control.c...
../User/Applications/Inc/PID.h(45): warning:  #1-D: last line of file ends without a newline
  			  
..\User\Drivers\Src\Remote_Control.c: 1 warning, 0 errors
compiling AHRS_middleware.c...
compiling Motors.c...
compiling bsp_imu_pwm.c...
compiling BMI088Middleware.c...
compiling bsp_can.c...
../User/Applications/Inc/PID.h(45): warning:  #1-D: last line of file ends without a newline
  			  
..\User\Drivers\Src\bsp_can.c(203): warning:  #940-D: missing return statement at end of non-void function "CAN_SendFloatArray" 
  }
..\User\Drivers\Src\bsp_can.c: 2 warnings, 0 errors
compiling BMI088driver.c...
compiling bsp_delay.c...
compiling bsp_rc.c...
compiling ist8310driver_middleware.c...
compiling bsp_spi.c...
linking...
Program Size: Code=46952 RO-data=948 RW-data=516 ZI-data=22836  
FromELF: creating hex file...
"BaseDrive_RMCar\BaseDrive_RMCar.axf" - 0 Error(s), 28 Warning(s).
Build Time Elapsed:  00:00:30
